Drill report for esp32display.kicad_pcb
Created on Mon Dec 19 09:45:42 2022

Copper Layer Stackup:
    =============================================================
    L1 :  F.Cu                      front
    L2 :  In1.Cu                    in1
    L3 :  In2.Cu                    in2
    L4 :  B.Cu                      back


Drill file 'esp32display.drl' contains
    plated through holes:
    =============================================================
    T1  0.400mm  0.0157"  (23 holes)
    T2  0.500mm  0.0197"  (4 holes)
    T3  0.500mm  0.0197"  (32 holes)
    T4  0.600mm  0.0236"  (4 holes)  (with 4 slots)
    T5  0.800mm  0.0315"  (2 holes)
    T6  1.000mm  0.0394"  (2 holes)
    T7  1.000mm  0.0394"  (36 holes)
    T8  1.500mm  0.0591"  (4 holes)
    T9  3.200mm  0.1260"  (4 holes)

    Total plated holes count 111


Not plated through holes are merged with plated holes
    unplated through holes:
    =============================================================
    T10  0.650mm  0.0256"  (2 holes)

    Total unplated holes count 2
